<?xml version="1.0" encoding="UTF-8"?>
<!-- Generated by org.testng.reporters.JUnitXMLReporter -->
<testsuite hostname="TRI03L-5TH09Z1" ignored="0" name="HomePage Test" tests="5" failures="0" timestamp="28 Aug 2020 09:56:59 GMT" time="36.462" errors="0">
  <testcase name="verifyHeaderValueTest" time="10.038" classname="com.qa.hubspot.tests.HomePageTest"/>
  <testcase name="verifyHomePageTitleTest" time="0.017" classname="com.qa.hubspot.tests.HomePageTest"/>
  <testcase name="verifyGetAccountNameTest" time="0.24" classname="com.qa.hubspot.tests.HomePageTest"/>
  <testcase name="verifyClickOnStartImportTest" time="8.904" classname="com.qa.hubspot.tests.HomePageTest"/>
  <testcase name="isSettingsExistTest" time="0.07" classname="com.qa.hubspot.tests.HomePageTest"/>
</testsuite> <!-- HomePage Test -->
