<?xml version="1.0" encoding="UTF-8"?>
<!-- Generated by org.testng.reporters.JUnitXMLReporter -->
<testsuite ignored="0" hostname="INLAVR9W92" failures="0" tests="3" name="LoginPage Test" time="4.035" errors="0" timestamp="18 Apr 2022 10:19:07 GMT">
  <testcase classname="com.qa.hubspot.tests.LoginPageTest" name="VerifySignUpLinkExists" time="0.054"/>
  <testcase classname="com.qa.hubspot.tests.LoginPageTest" name="verifyLoginPageTitleTest" time="0.016"/>
  <testcase classname="com.qa.hubspot.tests.LoginPageTest" name="VerifydoLoginTest" time="0.247"/>
</testsuite> <!-- LoginPage Test -->
