<?xml version="1.0" encoding="UTF-8"?>
<!-- Generated by org.testng.reporters.JUnitXMLReporter -->
<testsuite ignored="0" hostname="INLAVR9W92" failures="0" tests="3" name="LoginPage Test" time="11.834" errors="0" timestamp="03 May 2022 07:28:09 GMT">
  <testcase classname="com.qa.hubspot.tests.LoginPageTest" name="VerifySignUpLinkExists" time="0.136"/>
  <testcase classname="com.qa.hubspot.tests.LoginPageTest" name="verifyLoginPageTitleTest" time="0.025"/>
  <testcase classname="com.qa.hubspot.tests.LoginPageTest" name="VerifydoLoginTest" time="0.272"/>
</testsuite> <!-- LoginPage Test -->
