<?xml version="1.0" encoding="UTF-8"?>
<!-- Generated by org.testng.reporters.JUnitXMLReporter -->
<testsuite hostname="TRI03L-5TH09Z1" ignored="0" name="SignUpPage Test" tests="6" failures="0" timestamp="28 Aug 2020 09:57:27 GMT" time="28.409" errors="0">
  <testcase name="verifyClickOnSignUpTest" time="9.798" classname="com.qa.hubspot.tests.SingUpPageTest"/>
  <testcase name="verifyGoogleLinkExistsTest" time="3.381" classname="com.qa.hubspot.tests.SingUpPageTest"/>
  <testcase name="verifySingUpPageTitleTest" time="0.035" classname="com.qa.hubspot.tests.SingUpPageTest"/>
  <testcase name="verifyEnterValuesTest" time="6.544" classname="com.qa.hubspot.tests.SingUpPageTest"/>
  <testcase name="verifyGmailTest" time="0.034" classname="com.qa.hubspot.tests.SingUpPageTest"/>
  <testcase name="verifyHeaderAvaialbleTest" time="0.036" classname="com.qa.hubspot.tests.SingUpPageTest"/>
</testsuite> <!-- SignUpPage Test -->
