<?xml version="1.0" encoding="UTF-8"?>
<!-- Generated by org.testng.reporters.JUnitXMLReporter -->
<testsuite ignored="0" hostname="INLAVR9W92" failures="0" tests="3" name="Default test" time="7.143" errors="0" timestamp="02 May 2022 10:02:12 GMT">
  <testcase classname="com.qa.hubspot.tests.LoginPageTest" name="VerifySignUpLinkExists" time="0.078"/>
  <testcase classname="com.qa.hubspot.tests.LoginPageTest" name="verifyLoginPageTitleTest" time="0.026"/>
  <testcase classname="com.qa.hubspot.tests.LoginPageTest" name="VerifydoLoginTest" time="0.303"/>
</testsuite> <!-- Default test -->
