<?xml version="1.0" encoding="UTF-8"?>
<testng-results ignored="0" total="3" passed="3" failed="0" skipped="0">
  <reporter-output>
  </reporter-output>
  <suite started-at="2022-05-02T10:11:12Z" name="HubSpot Suite" finished-at="2022-05-02T10:11:21Z" duration-ms="8521">
    <groups>
    </groups>
    <test started-at="2022-05-02T10:11:12Z" name="LoginPage Test" finished-at="2022-05-02T10:11:21Z" duration-ms="8521">
      <class name="com.qa.hubspot.tests.LoginPageTest">
        <test-method is-config="true" signature="setUp()[pri:0, instance:com.qa.hubspot.tests.LoginPageTest@6f36c2f0]" started-at="2022-05-02T10:11:12Z" name="setUp" finished-at="2022-05-02T10:11:20Z" duration-ms="8061" status="PASS">
          <reporter-output>
          </reporter-output>
        </test-method> <!-- setUp -->
        <test-method signature="VerifySignUpLinkExists()[pri:1, instance:com.qa.hubspot.tests.LoginPageTest@6f36c2f0]" started-at="2022-05-02T10:11:20Z" name="VerifySignUpLinkExists" finished-at="2022-05-02T10:11:20Z" duration-ms="53" status="PASS">
          <reporter-output>
          </reporter-output>
        </test-method> <!-- VerifySignUpLinkExists -->
        <test-method signature="verifyLoginPageTitleTest()[pri:2, instance:com.qa.hubspot.tests.LoginPageTest@6f36c2f0]" started-at="2022-05-02T10:11:20Z" name="verifyLoginPageTitleTest" finished-at="2022-05-02T10:11:20Z" duration-ms="14" status="PASS">
          <reporter-output>
          </reporter-output>
        </test-method> <!-- verifyLoginPageTitleTest -->
        <test-method signature="VerifydoLoginTest()[pri:3, instance:com.qa.hubspot.tests.LoginPageTest@6f36c2f0]" started-at="2022-05-02T10:11:20Z" name="VerifydoLoginTest" finished-at="2022-05-02T10:11:21Z" duration-ms="258" status="PASS">
          <reporter-output>
          </reporter-output>
        </test-method> <!-- VerifydoLoginTest -->
        <test-method is-config="true" signature="teardown()[pri:0, instance:com.qa.hubspot.tests.LoginPageTest@6f36c2f0]" started-at="2022-05-02T10:11:21Z" name="teardown" finished-at="2022-05-02T10:11:21Z" duration-ms="115" status="PASS">
          <reporter-output>
          </reporter-output>
        </test-method> <!-- teardown -->
      </class> <!-- com.qa.hubspot.tests.LoginPageTest -->
    </test> <!-- LoginPage Test -->
  </suite> <!-- HubSpot Suite -->
</testng-results>
